<?xml version="1.0" encoding="utf-8"?>
<CoverageSession xmlns:xsd="http://www.w3.org/2001/XMLSchema" xmlns:xsi="http://www.w3.org/2001/XMLSchema-instance">
  <Modules>
    <Module skippedDueTo="Filter" hash="25-D7-13-D0-19-A0-4E-6E-91-98-15-30-CE-47-74-C6-4F-78-E9-60">
      <FullName>C:\WINDOWS\Microsoft.Net\assembly\GAC_32\mscorlib\v4.0_4.0.0.0__b77a5c561934e089\mscorlib.dll</FullName>
      <ModuleName>mscorlib</ModuleName>
      <Classes />
    </Module>
    <Module skippedDueTo="MissingPdb" hash="DA-11-AB-7A-54-40-91-0F-E3-CC-4F-E4-30-43-80-09-4A-8C-B6-BA">
      <FullName>E:\Programme_SSD\SharpDevelop\4.3\bin\Tools\NUnit\nunit-console-x86.exe</FullName>
      <ModuleName>nunit-console</ModuleName>
      <Classes />
    </Module>
    <Module skippedDueTo="MissingPdb" hash="23-35-8C-86-05-D5-AE-FE-3C-1F-09-A0-86-02-40-7C-4F-CA-59-41">
      <FullName>E:\Programme_SSD\SharpDevelop\4.3\bin\Tools\NUnit\lib\nunit.core.dll</FullName>
      <ModuleName>nunit.core</ModuleName>
      <Classes />
    </Module>
    <Module skippedDueTo="MissingPdb" hash="79-F8-9A-22-4E-29-52-37-00-CF-81-FF-1F-EA-05-EC-74-2A-2E-C8">
      <FullName>E:\Programme_SSD\SharpDevelop\4.3\bin\Tools\NUnit\lib\nunit-console-runner.dll</FullName>
      <ModuleName>nunit-console-runner</ModuleName>
      <Classes />
    </Module>
    <Module skippedDueTo="MissingPdb" hash="57-DD-20-42-DA-33-B3-EE-DA-8C-8E-25-C9-E5-07-B5-08-62-0F-88">
      <FullName>E:\Programme_SSD\SharpDevelop\4.3\bin\Tools\NUnit\lib\nunit.util.dll</FullName>
      <ModuleName>nunit.util</ModuleName>
      <Classes />
    </Module>
    <Module skippedDueTo="MissingPdb" hash="AD-76-2F-3C-5E-F6-77-0D-C6-AD-AF-A3-90-85-28-07-2D-A0-59-50">
      <FullName>E:\Programme_SSD\SharpDevelop\4.3\bin\Tools\NUnit\lib\nunit.core.interfaces.dll</FullName>
      <ModuleName>nunit.core.interfaces</ModuleName>
      <Classes />
    </Module>
    <Module skippedDueTo="Filter" hash="34-A3-5D-67-8E-E7-DB-60-FE-97-F3-BD-D4-E7-40-6B-00-DA-51-C8">
      <FullName>C:\WINDOWS\Microsoft.Net\assembly\GAC_MSIL\System.Configuration\v4.0_4.0.0.0__b03f5f7f11d50a3a\System.Configuration.dll</FullName>
      <ModuleName>System.Configuration</ModuleName>
      <Classes />
    </Module>
    <Module skippedDueTo="Filter" hash="4F-2D-57-51-8C-EB-A3-76-1B-CA-7F-0F-4C-1E-A5-88-77-48-84-05">
      <FullName>C:\WINDOWS\Microsoft.Net\assembly\GAC_MSIL\System\v4.0_4.0.0.0__b77a5c561934e089\System.dll</FullName>
      <ModuleName>System</ModuleName>
      <Classes />
    </Module>
    <Module skippedDueTo="Filter" hash="88-45-F0-9C-3C-9F-72-79-CB-6A-82-FA-D7-DB-C3-4A-59-80-3C-6B">
      <FullName>C:\WINDOWS\Microsoft.Net\assembly\GAC_MSIL\System.Xml\v4.0_4.0.0.0__b77a5c561934e089\System.Xml.dll</FullName>
      <ModuleName>System.Xml</ModuleName>
      <Classes />
    </Module>
    <Module skippedDueTo="Filter" hash="A6-44-D7-5C-2C-AA-24-6D-2E-64-A4-48-13-C2-22-F5-E4-2D-CE-96">
      <FullName>C:\WINDOWS\Microsoft.Net\assembly\GAC_MSIL\System.Runtime.Remoting\v4.0_4.0.0.0__b77a5c561934e089\System.Runtime.Remoting.dll</FullName>
      <ModuleName>System.Runtime.Remoting</ModuleName>
      <Classes />
    </Module>
    <Module skippedDueTo="MissingPdb" hash="23-35-8C-86-05-D5-AE-FE-3C-1F-09-A0-86-02-40-7C-4F-CA-59-41">
      <FullName>E:\Programme_SSD\SharpDevelop\4.3\bin\Tools\NUnit\lib\nunit.core.dll</FullName>
      <ModuleName>nunit.core</ModuleName>
      <Classes />
    </Module>
    <Module skippedDueTo="Filter" hash="4F-2D-57-51-8C-EB-A3-76-1B-CA-7F-0F-4C-1E-A5-88-77-48-84-05">
      <FullName>C:\WINDOWS\Microsoft.Net\assembly\GAC_MSIL\System\v4.0_4.0.0.0__b77a5c561934e089\System.dll</FullName>
      <ModuleName>System</ModuleName>
      <Classes />
    </Module>
    <Module skippedDueTo="MissingPdb" hash="AD-76-2F-3C-5E-F6-77-0D-C6-AD-AF-A3-90-85-28-07-2D-A0-59-50">
      <FullName>E:\Programme_SSD\SharpDevelop\4.3\bin\Tools\NUnit\lib\nunit.core.interfaces.dll</FullName>
      <ModuleName>nunit.core.interfaces</ModuleName>
      <Classes />
    </Module>
    <Module skippedDueTo="MissingPdb" hash="93-DB-BA-8B-06-97-11-EF-3A-D5-E3-30-26-EB-E8-81-D5-DF-FE-B4">
      <FullName>C:\Users\Mario\AppData\Local\Temp\nunit20\ShadowCopyCache\1000_636276295061658249\Tests_73001812\assembly\dl3\80f583f7\f48cfb57_c3b3d201\HUEston.exe</FullName>
      <ModuleName>HUEston</ModuleName>
      <Classes />
    </Module>
    <Module skippedDueTo="Filter" hash="AB-D1-64-9C-7B-8E-8C-71-05-F8-2D-93-9C-2E-F3-E8-0D-14-15-5E">
      <FullName>C:\WINDOWS\Microsoft.Net\assembly\GAC_MSIL\System.Windows.Forms\v4.0_4.0.0.0__b77a5c561934e089\System.Windows.Forms.dll</FullName>
      <ModuleName>System.Windows.Forms</ModuleName>
      <Classes />
    </Module>
    <Module skippedDueTo="Filter" hash="1A-EC-08-AC-02-B5-77-73-9D-18-F0-AC-74-5B-7C-7F-41-37-93-53">
      <FullName>C:\WINDOWS\Microsoft.Net\assembly\GAC_MSIL\System.Drawing\v4.0_4.0.0.0__b03f5f7f11d50a3a\System.Drawing.dll</FullName>
      <ModuleName>System.Drawing</ModuleName>
      <Classes />
    </Module>
  </Modules>
</CoverageSession>